<?xml version="1.0" encoding="UTF-8"?>
<!-- Generated by org.testng.reporters.JUnitReportReporter -->
<testsuite skipped="0" hostname="A2ML31231" name="testCases.WeatherCompare" tests="1" failures="0" timestamp="2020-08-30T13:03:54 IST" time="11.606" errors="0">
  <testcase name="weatherCompare" time="11.606" classname="testCases.WeatherCompare"/>
</testsuite> <!-- testCases.WeatherCompare -->
